::1 - - [05/Mar/2020:20:39:09 +0000] "GET /questions/conversation/5e6149d5d6918d2369dc6dda HTTP/1.1" 200 195
::1 - - [05/Mar/2020:20:39:46 +0000] "GET /questions/conversation/5e6149d5d6918d2369dc6dda HTTP/1.1" 304 -
::1 - - [05/Mar/2020:20:40:05 +0000] "GET /questions/conversation/5e6149d5d6918d2369dc6dda HTTP/1.1" 304 -
::1 - - [05/Mar/2020:20:40:26 +0000] "GET /questions/conversation/5e6149d5d6918d2369dc6dda HTTP/1.1" 304 -
::1 - - [05/Mar/2020:20:40:52 +0000] "GET /questions/conversation/5e6149d5d6918d2369dc6dda HTTP/1.1" 304 -
::1 - - [05/Mar/2020:20:41:32 +0000] "GET /questions/conversation/5e6149d5d6918d2369dc6dda HTTP/1.1" 304 -
::1 - - [05/Mar/2020:20:41:42 +0000] "GET /questions/conversation/5e6149d5d6918d2369dc6dda HTTP/1.1" 304 -
::1 - - [05/Mar/2020:20:42:44 +0000] "GET /questions/conversation/5e6149d5d6918d2369dc6dda HTTP/1.1" 304 -
::1 - - [05/Mar/2020:20:43:24 +0000] "GET /questions/conversation/5e6149d5d6918d2369dc6dda HTTP/1.1" 304 -
::1 - - [05/Mar/2020:20:44:03 +0000] "GET /questions/conversation/5e6149d5d6918d2369dc6dda HTTP/1.1" 304 -
::1 - - [05/Mar/2020:20:45:03 +0000] "GET /questions/conversation/5e6149d5d6918d2369dc6dda HTTP/1.1" 304 -
::1 - - [05/Mar/2020:20:45:17 +0000] "GET /questions/conversation/5e6149d5d6918d2369dc6dda HTTP/1.1" 304 -
::1 - - [05/Mar/2020:20:45:30 +0000] "GET /questions/conversation/5e6149d5d6918d2369dc6dda HTTP/1.1" 304 -
::1 - - [05/Mar/2020:20:45:54 +0000] "GET /questions/conversation/5e6149d5d6918d2369dc6dda HTTP/1.1" 304 -
::1 - - [05/Mar/2020:20:45:55 +0000] "GET /questions/ HTTP/1.1" 304 -
::1 - - [05/Mar/2020:20:45:56 +0000] "OPTIONS /questions/ HTTP/1.1" 200 13
::1 - - [05/Mar/2020:20:45:56 +0000] "POST /questions/ HTTP/1.1" 200 207
::1 - - [05/Mar/2020:20:45:58 +0000] "POST /questions/ HTTP/1.1" 200 92
::1 - - [05/Mar/2020:20:46:00 +0000] "GET /questions/ HTTP/1.1" 200 116
::1 - - [05/Mar/2020:20:46:00 +0000] "POST /questions/ HTTP/1.1" 200 60
::1 - - [05/Mar/2020:20:46:01 +0000] "OPTIONS /questions/ HTTP/1.1" 200 13
::1 - - [05/Mar/2020:20:46:01 +0000] "POST /questions/ HTTP/1.1" 200 59
::1 - - [05/Mar/2020:20:46:03 +0000] "POST /questions/ HTTP/1.1" 200 60
::1 - - [05/Mar/2020:20:46:04 +0000] "GET /questions/ HTTP/1.1" 200 116
::1 - - [05/Mar/2020:20:46:05 +0000] "GET /questions/conversations?filter=%7B%7D&order=1&pageIndex=0&pageSize=25 HTTP/1.1" 200 407
::1 - - [05/Mar/2020:20:46:08 +0000] "GET /questions/conversation/5e614afad6918d2369dc6ddb HTTP/1.1" 200 199
::1 - - [05/Mar/2020:20:46:13 +0000] "GET /questions/conversations?filter=%7B%7D&order=1&pageIndex=0&pageSize=25 HTTP/1.1" 304 -
::1 - - [05/Mar/2020:20:46:15 +0000] "GET /questions/conversation/5e61650621d8c12449318112 HTTP/1.1" 200 424
::1 - - [05/Mar/2020:20:46:18 +0000] "GET /questions/conversations?filter=%7B%7D&order=1&pageIndex=0&pageSize=25 HTTP/1.1" 304 -
